<?xml version="1.0" encoding="UTF-8"?>
<testsuite xmlns:xsi="http://www.w3.org/2001/XMLSchema-instance" xsi:noNamespaceSchemaLocation="https://maven.apache.org/surefire/maven-failsafe-plugin/xsd/failsafe-test-report.xsd" name="org.smpp.ClientSessionUnbindIT" time="9.363" tests="2" errors="0" skipped="0" failures="0">
  <properties>
[...]
</properties>
  <testcase name="unbindSucceedsWithinFiveSeconds" classname="org.smpp.ClientSessionUnbindIT" time="4.851"/>
  <testcase name="serverShutsDownWithinEightSeconds" classname="org.smpp.ClientSessionUnbindIT" time="4.456"/>
</testsuite>